C:\DEV\ENGINEVIDEOGAMES\GAME\RELEASE\MAIN.OBJ
C:\DEV\ENGINEVIDEOGAMES\GAME\RELEASE\GAME.OBJ
C:\DEV\ENGINEVIDEOGAMES\GAME\RELEASE\VC110.PDB
C:\DEV\ENGINEVIDEOGAMES\RELEASE\GAME.EXE
C:\DEV\ENGINEVIDEOGAMES\RELEASE\GAME.PDB
C:\Dev\EngineVideoGames\Game\Release\game.obj
C:\Dev\EngineVideoGames\Game\Release\main.obj
C:\Dev\EngineVideoGames\Game\Release\cl.command.1.tlog
C:\Dev\EngineVideoGames\Game\Release\CL.read.1.tlog
C:\Dev\EngineVideoGames\Game\Release\CL.write.1.tlog
C:\Dev\EngineVideoGames\Game\Release\link-cvtres.read.1.tlog
C:\Dev\EngineVideoGames\Game\Release\link-cvtres.write.1.tlog
C:\Dev\EngineVideoGames\Game\Release\link-rc.read.1.tlog
C:\Dev\EngineVideoGames\Game\Release\link-rc.write.1.tlog
C:\Dev\EngineVideoGames\Game\Release\link.command.1.tlog
C:\Dev\EngineVideoGames\Game\Release\link.read.1.tlog
C:\Dev\EngineVideoGames\Game\Release\link.write.1.tlog
C:\Dev\EngineVideoGames\Game\Release\vc110.pdb
C:\Dev\EngineVideoGames\Release\Game.pdb
C:\Dev\EngineVideoGames\Release\Game.exe
