C:\DEV\ENGINEVIDEOGAMES\GAME\DEBUG\GAME.OBJ
C:\DEV\ENGINEVIDEOGAMES\GAME\DEBUG\MAIN.OBJ
C:\DEV\ENGINEVIDEOGAMES\GAME\DEBUG\VC110.PDB
C:\DEV\ENGINEVIDEOGAMES\DEBUG\GAME.ILK
C:\DEV\ENGINEVIDEOGAMES\DEBUG\GAME.EXE
C:\DEV\ENGINEVIDEOGAMES\DEBUG\GAME.PDB
C:\Dev\EngineVideoGames\Game\Debug\game.obj
C:\Dev\EngineVideoGames\Game\Debug\main.obj
C:\Dev\EngineVideoGames\Game\Debug\cl.command.1.tlog
C:\Dev\EngineVideoGames\Game\Debug\CL.read.1.tlog
C:\Dev\EngineVideoGames\Game\Debug\CL.write.1.tlog
C:\Dev\EngineVideoGames\Game\Debug\link-cvtres.read.1.tlog
C:\Dev\EngineVideoGames\Game\Debug\link-cvtres.write.1.tlog
C:\Dev\EngineVideoGames\Game\Debug\link-rc.read.1.tlog
C:\Dev\EngineVideoGames\Game\Debug\link-rc.write.1.tlog
C:\Dev\EngineVideoGames\Game\Debug\link.command.1.tlog
C:\Dev\EngineVideoGames\Game\Debug\link.read.1.tlog
C:\Dev\EngineVideoGames\Game\Debug\link.write.1.tlog
C:\Dev\EngineVideoGames\Game\Debug\vc110.idb
C:\Dev\EngineVideoGames\Game\Debug\vc110.pdb
C:\Dev\EngineVideoGames\Debug\Game.pdb
C:\Dev\EngineVideoGames\Debug\Game.exe
C:\Dev\EngineVideoGames\Debug\Game.ilk
